{"D:\\Work\\JobApp\\src\\secrets.ts": {"path":"D:\\Work\\JobApp\\src\\secrets.ts","statementMap":{"0":{"start":{"line":1,"column":13},"end":{"line":1,"column":37}},"1":{"start":{"line":2,"column":13},"end":{"line":2,"column":50}}},"fnMap":{},"branchMap":{},"s":{"0":1,"1":1},"f":{},"b":{}}
,"D:\\Work\\JobApp\\src\\cache\\companiesCache.ts": {"path":"D:\\Work\\JobApp\\src\\cache\\companiesCache.ts","statementMap":{"0":{"start":{"line":5,"column":0},"end":{"line":5,"column":16}},"1":{"start":{"line":9,"column":0},"end":{"line":9,"column":16}},"2":{"start":{"line":13,"column":0},"end":{"line":13,"column":16}},"3":{"start":{"line":1,"column":0},"end":{"line":1,"column":74}},"4":{"start":{"line":2,"column":0},"end":{"line":2,"column":47}},"5":{"start":{"line":6,"column":2},"end":{"line":6,"column":58}},"6":{"start":{"line":10,"column":2},"end":{"line":10,"column":51}},"7":{"start":{"line":14,"column":2},"end":{"line":14,"column":50}}},"fnMap":{"0":{"name":"getAllCompaniesCache","decl":{"start":{"line":5,"column":16},"end":{"line":5,"column":36}},"loc":{"start":{"line":5,"column":36},"end":{"line":7,"column":1}}},"1":{"name":"setAllCompaniesCache","decl":{"start":{"line":9,"column":16},"end":{"line":9,"column":36}},"loc":{"start":{"line":9,"column":52},"end":{"line":11,"column":1}}},"2":{"name":"invalidateAllCompaniesCache","decl":{"start":{"line":13,"column":16},"end":{"line":13,"column":43}},"loc":{"start":{"line":13,"column":43},"end":{"line":15,"column":1}}}},"branchMap":{},"s":{"0":1,"1":1,"2":1,"3":1,"4":1,"5":0,"6":0,"7":0},"f":{"0":0,"1":0,"2":0},"b":{}}
,"D:\\Work\\JobApp\\src\\cache\\redisHelper.ts": {"path":"D:\\Work\\JobApp\\src\\cache\\redisHelper.ts","statementMap":{"0":{"start":{"line":3,"column":0},"end":{"line":3,"column":7}},"1":{"start":{"line":8,"column":0},"end":{"line":8,"column":7}},"2":{"start":{"line":12,"column":0},"end":{"line":12,"column":7}},"3":{"start":{"line":1,"column":0},"end":{"line":1,"column":38}},"4":{"start":{"line":4,"column":15},"end":{"line":4,"column":41}},"5":{"start":{"line":5,"column":2},"end":{"line":5,"column":40}},"6":{"start":{"line":9,"column":2},"end":{"line":9,"column":65}},"7":{"start":{"line":13,"column":2},"end":{"line":13,"column":29}}},"fnMap":{"0":{"name":"getFromCache","decl":{"start":{"line":3,"column":22},"end":{"line":3,"column":34}},"loc":{"start":{"line":3,"column":49},"end":{"line":6,"column":1}}},"1":{"name":"setToCache","decl":{"start":{"line":8,"column":22},"end":{"line":8,"column":32}},"loc":{"start":{"line":8,"column":69},"end":{"line":10,"column":1}}},"2":{"name":"deleteFromCache","decl":{"start":{"line":12,"column":22},"end":{"line":12,"column":37}},"loc":{"start":{"line":12,"column":49},"end":{"line":14,"column":1}}}},"branchMap":{"0":{"loc":{"start":{"line":5,"column":9},"end":{"line":5,"column":39}},"type":"cond-expr","locations":[{"start":{"line":5,"column":16},"end":{"line":5,"column":32}},{"start":{"line":5,"column":35},"end":{"line":5,"column":39}}]},"1":{"loc":{"start":{"line":8,"column":59},"end":{"line":8,"column":69}},"type":"default-arg","locations":[{"start":{"line":8,"column":65},"end":{"line":8,"column":69}}]}},"s":{"0":2,"1":2,"2":2,"3":2,"4":0,"5":0,"6":0,"7":0},"f":{"0":0,"1":0,"2":0},"b":{"0":[0,0],"1":[0]}}
,"D:\\Work\\JobApp\\src\\db\\redis.ts": {"path":"D:\\Work\\JobApp\\src\\db\\redis.ts","statementMap":{"0":{"start":{"line":2,"column":0},"end":{"line":2,"column":37}},"1":{"start":{"line":4,"column":20},"end":{"line":6,"column":2}},"2":{"start":{"line":8,"column":0},"end":{"line":8,"column":75}},"3":{"start":{"line":8,"column":33},"end":{"line":8,"column":73}},"4":{"start":{"line":10,"column":0},"end":{"line":10,"column":27}}},"fnMap":{"0":{"name":"(anonymous_0)","decl":{"start":{"line":8,"column":24},"end":{"line":8,"column":25}},"loc":{"start":{"line":8,"column":33},"end":{"line":8,"column":73}}}},"branchMap":{},"s":{"0":2,"1":2,"2":2,"3":0,"4":2},"f":{"0":0},"b":{}}
,"D:\\Work\\JobApp\\src\\exceptions\\bad-request-exception.ts": {"path":"D:\\Work\\JobApp\\src\\exceptions\\bad-request-exception.ts","statementMap":{"0":{"start":{"line":1,"column":0},"end":{"line":1,"column":48}},"1":{"start":{"line":2,"column":0},"end":{"line":2,"column":39}},"2":{"start":{"line":10,"column":4},"end":{"line":10,"column":43}},"3":{"start":{"line":4,"column":0},"end":{"line":4,"column":13}}},"fnMap":{"0":{"name":"(anonymous_0)","decl":{"start":{"line":5,"column":2},"end":{"line":5,"column":null}},"loc":{"start":{"line":8,"column":16},"end":{"line":11,"column":3}}}},"branchMap":{"0":{"loc":{"start":{"line":7,"column":4},"end":{"line":7,"column":58}},"type":"default-arg","locations":[{"start":{"line":7,"column":27},"end":{"line":7,"column":58}}]}},"s":{"0":1,"1":1,"2":1,"3":1},"f":{"0":1},"b":{"0":[0]}}
,"D:\\Work\\JobApp\\src\\exceptions\\conflict-exception.ts": {"path":"D:\\Work\\JobApp\\src\\exceptions\\conflict-exception.ts","statementMap":{"0":{"start":{"line":1,"column":0},"end":{"line":1,"column":39}},"1":{"start":{"line":2,"column":0},"end":{"line":2,"column":48}},"2":{"start":{"line":10,"column":4},"end":{"line":10,"column":43}},"3":{"start":{"line":4,"column":0},"end":{"line":4,"column":13}}},"fnMap":{"0":{"name":"(anonymous_0)","decl":{"start":{"line":5,"column":2},"end":{"line":5,"column":null}},"loc":{"start":{"line":8,"column":16},"end":{"line":11,"column":3}}}},"branchMap":{"0":{"loc":{"start":{"line":6,"column":4},"end":{"line":6,"column":32}},"type":"default-arg","locations":[{"start":{"line":6,"column":22},"end":{"line":6,"column":32}}]},"1":{"loc":{"start":{"line":7,"column":4},"end":{"line":7,"column":55}},"type":"default-arg","locations":[{"start":{"line":7,"column":27},"end":{"line":7,"column":55}}]}},"s":{"0":1,"1":1,"2":1,"3":1},"f":{"0":1},"b":{"0":[0],"1":[0]}}
,"D:\\Work\\JobApp\\src\\exceptions\\internal-exception.ts": {"path":"D:\\Work\\JobApp\\src\\exceptions\\internal-exception.ts","statementMap":{"0":{"start":{"line":1,"column":0},"end":{"line":1,"column":48}},"1":{"start":{"line":2,"column":0},"end":{"line":2,"column":39}},"2":{"start":{"line":6,"column":4},"end":{"line":6,"column":43}},"3":{"start":{"line":4,"column":0},"end":{"line":4,"column":13}}},"fnMap":{"0":{"name":"(anonymous_0)","decl":{"start":{"line":5,"column":2},"end":{"line":5,"column":14}},"loc":{"start":{"line":5,"column":96},"end":{"line":7,"column":3}}}},"branchMap":{"0":{"loc":{"start":{"line":5,"column":31},"end":{"line":5,"column":82}},"type":"default-arg","locations":[{"start":{"line":5,"column":54},"end":{"line":5,"column":82}}]}},"s":{"0":1,"1":1,"2":1,"3":1},"f":{"0":1},"b":{"0":[0]}}
,"D:\\Work\\JobApp\\src\\exceptions\\not-found-exception.ts": {"path":"D:\\Work\\JobApp\\src\\exceptions\\not-found-exception.ts","statementMap":{"0":{"start":{"line":1,"column":0},"end":{"line":1,"column":48}},"1":{"start":{"line":2,"column":0},"end":{"line":2,"column":39}},"2":{"start":{"line":6,"column":4},"end":{"line":6,"column":43}},"3":{"start":{"line":4,"column":0},"end":{"line":4,"column":13}}},"fnMap":{"0":{"name":"(anonymous_0)","decl":{"start":{"line":5,"column":2},"end":{"line":5,"column":14}},"loc":{"start":{"line":5,"column":97},"end":{"line":7,"column":3}}}},"branchMap":{"0":{"loc":{"start":{"line":5,"column":31},"end":{"line":5,"column":83}},"type":"default-arg","locations":[{"start":{"line":5,"column":54},"end":{"line":5,"column":83}}]}},"s":{"0":4,"1":4,"2":14,"3":4},"f":{"0":14},"b":{"0":[0]}}
,"D:\\Work\\JobApp\\src\\exceptions\\root.ts": {"path":"D:\\Work\\JobApp\\src\\exceptions\\root.ts","statementMap":{"0":{"start":{"line":10,"column":4},"end":{"line":10,"column":19}},"1":{"start":{"line":11,"column":4},"end":{"line":11,"column":27}},"2":{"start":{"line":12,"column":4},"end":{"line":12,"column":33}},"3":{"start":{"line":13,"column":4},"end":{"line":13,"column":31}},"4":{"start":{"line":14,"column":4},"end":{"line":14,"column":25}},"5":{"start":{"line":3,"column":0},"end":{"line":3,"column":13}}},"fnMap":{"0":{"name":"(anonymous_0)","decl":{"start":{"line":9,"column":2},"end":{"line":9,"column":14}},"loc":{"start":{"line":9,"column":85},"end":{"line":15,"column":3}}}},"branchMap":{},"s":{"0":18,"1":18,"2":18,"3":18,"4":18,"5":4},"f":{"0":18},"b":{}}
,"D:\\Work\\JobApp\\src\\exceptions\\unauthorized-exception.ts": {"path":"D:\\Work\\JobApp\\src\\exceptions\\unauthorized-exception.ts","statementMap":{"0":{"start":{"line":1,"column":0},"end":{"line":1,"column":48}},"1":{"start":{"line":2,"column":0},"end":{"line":2,"column":39}},"2":{"start":{"line":10,"column":4},"end":{"line":10,"column":43}},"3":{"start":{"line":4,"column":0},"end":{"line":4,"column":13}}},"fnMap":{"0":{"name":"(anonymous_0)","decl":{"start":{"line":5,"column":2},"end":{"line":5,"column":null}},"loc":{"start":{"line":8,"column":16},"end":{"line":11,"column":3}}}},"branchMap":{"0":{"loc":{"start":{"line":7,"column":4},"end":{"line":7,"column":59}},"type":"default-arg","locations":[{"start":{"line":7,"column":27},"end":{"line":7,"column":59}}]}},"s":{"0":1,"1":1,"2":1,"3":1},"f":{"0":1},"b":{"0":[0]}}
,"D:\\Work\\JobApp\\src\\services\\AuthService.ts": {"path":"D:\\Work\\JobApp\\src\\services\\AuthService.ts","statementMap":{"0":{"start":{"line":3,"column":0},"end":{"line":3,"column":69}},"1":{"start":{"line":4,"column":0},"end":{"line":4,"column":69}},"2":{"start":{"line":5,"column":0},"end":{"line":5,"column":70}},"3":{"start":{"line":6,"column":0},"end":{"line":6,"column":77}},"4":{"start":{"line":7,"column":0},"end":{"line":7,"column":47}},"5":{"start":{"line":9,"column":0},"end":{"line":9,"column":67}},"6":{"start":{"line":10,"column":0},"end":{"line":10,"column":48}},"7":{"start":{"line":18,"column":4},"end":{"line":18,"column":43}},"8":{"start":{"line":19,"column":4},"end":{"line":19,"column":41}},"9":{"start":{"line":23,"column":15},"end":{"line":23,"column":60}},"10":{"start":{"line":24,"column":4},"end":{"line":30,"column":5}},"11":{"start":{"line":25,"column":6},"end":{"line":29,"column":7}},"12":{"start":{"line":26,"column":8},"end":{"line":26,"column":84}},"13":{"start":{"line":28,"column":8},"end":{"line":28,"column":90}},"14":{"start":{"line":31,"column":4},"end":{"line":31,"column":16}},"15":{"start":{"line":34,"column":18},"end":{"line":34,"column":42}},"16":{"start":{"line":35,"column":25},"end":{"line":35,"column":67}},"17":{"start":{"line":36,"column":4},"end":{"line":38,"column":5}},"18":{"start":{"line":37,"column":6},"end":{"line":37,"column":96}},"19":{"start":{"line":39,"column":17},"end":{"line":39,"column":50}},"20":{"start":{"line":40,"column":4},"end":{"line":40,"column":24}},"21":{"start":{"line":42,"column":27},"end":{"line":42,"column":53}},"22":{"start":{"line":44,"column":26},"end":{"line":44,"column":82}},"23":{"start":{"line":46,"column":4},"end":{"line":46,"column":49}},"24":{"start":{"line":47,"column":4},"end":{"line":47,"column":35}},"25":{"start":{"line":49,"column":4},"end":{"line":54,"column":5}},"26":{"start":{"line":50,"column":26},"end":{"line":50,"column":79}},"27":{"start":{"line":51,"column":6},"end":{"line":51,"column":25}},"28":{"start":{"line":53,"column":6},"end":{"line":53,"column":99}},"29":{"start":{"line":58,"column":28},"end":{"line":58,"column":89}},"30":{"start":{"line":60,"column":4},"end":{"line":62,"column":5}},"31":{"start":{"line":61,"column":6},"end":{"line":61,"column":89}},"32":{"start":{"line":64,"column":27},"end":{"line":66,"column":null}},"33":{"start":{"line":69,"column":4},"end":{"line":74,"column":5}},"34":{"start":{"line":70,"column":6},"end":{"line":73,"column":8}},"35":{"start":{"line":76,"column":18},"end":{"line":76,"column":69}},"36":{"start":{"line":78,"column":4},"end":{"line":78,"column":38}},"37":{"start":{"line":82,"column":0},"end":{"line":82,"column":28}}},"fnMap":{"0":{"name":"(anonymous_1)","decl":{"start":{"line":17,"column":2},"end":{"line":17,"column":14}},"loc":{"start":{"line":17,"column":79},"end":{"line":20,"column":3}}},"1":{"name":"(anonymous_2)","decl":{"start":{"line":22,"column":10},"end":{"line":22,"column":15}},"loc":{"start":{"line":22,"column":54},"end":{"line":32,"column":3}}},"2":{"name":"(anonymous_3)","decl":{"start":{"line":33,"column":2},"end":{"line":33,"column":7}},"loc":{"start":{"line":33,"column":37},"end":{"line":55,"column":3}}},"3":{"name":"(anonymous_4)","decl":{"start":{"line":57,"column":2},"end":{"line":57,"column":7}},"loc":{"start":{"line":57,"column":35},"end":{"line":79,"column":3}}}},"branchMap":{"0":{"loc":{"start":{"line":24,"column":4},"end":{"line":30,"column":5}},"type":"if","locations":[{"start":{"line":24,"column":4},"end":{"line":30,"column":5}}]},"1":{"loc":{"start":{"line":25,"column":6},"end":{"line":29,"column":7}},"type":"if","locations":[{"start":{"line":25,"column":6},"end":{"line":29,"column":7}},{"start":{"line":27,"column":13},"end":{"line":29,"column":7}}]},"2":{"loc":{"start":{"line":36,"column":4},"end":{"line":38,"column":5}},"type":"if","locations":[{"start":{"line":36,"column":4},"end":{"line":38,"column":5}}]},"3":{"loc":{"start":{"line":60,"column":4},"end":{"line":62,"column":5}},"type":"if","locations":[{"start":{"line":60,"column":4},"end":{"line":62,"column":5}}]},"4":{"loc":{"start":{"line":69,"column":4},"end":{"line":74,"column":5}},"type":"if","locations":[{"start":{"line":69,"column":4},"end":{"line":74,"column":5}}]}},"s":{"0":1,"1":1,"2":1,"3":1,"4":1,"5":1,"6":1,"7":1,"8":1,"9":3,"10":3,"11":3,"12":2,"13":1,"14":2,"15":4,"16":4,"17":4,"18":1,"19":3,"20":2,"21":2,"22":2,"23":2,"24":2,"25":2,"26":2,"27":1,"28":1,"29":3,"30":3,"31":1,"32":2,"33":2,"34":1,"35":1,"36":1,"37":1},"f":{"0":1,"1":3,"2":4,"3":3},"b":{"0":[3],"1":[2,1],"2":[1],"3":[1],"4":[1]}}
,"D:\\Work\\JobApp\\src\\services\\CompaniesService.ts": {"path":"D:\\Work\\JobApp\\src\\services\\CompaniesService.ts","statementMap":{"0":{"start":{"line":3,"column":0},"end":{"line":3,"column":70}},"1":{"start":{"line":4,"column":0},"end":{"line":4,"column":52}},"2":{"start":{"line":5,"column":0},"end":{"line":5,"column":47}},"3":{"start":{"line":7,"column":0},"end":{"line":7,"column":70}},"4":{"start":{"line":9,"column":0},"end":{"line":9,"column":null}},"5":{"start":{"line":13,"column":0},"end":{"line":13,"column":74}},"6":{"start":{"line":15,"column":0},"end":{"line":15,"column":48}},"7":{"start":{"line":23,"column":4},"end":{"line":23,"column":51}},"8":{"start":{"line":24,"column":4},"end":{"line":24,"column":41}},"9":{"start":{"line":28,"column":15},"end":{"line":28,"column":60}},"10":{"start":{"line":29,"column":4},"end":{"line":35,"column":5}},"11":{"start":{"line":30,"column":6},"end":{"line":34,"column":7}},"12":{"start":{"line":31,"column":8},"end":{"line":31,"column":84}},"13":{"start":{"line":33,"column":8},"end":{"line":33,"column":90}},"14":{"start":{"line":36,"column":4},"end":{"line":36,"column":16}},"15":{"start":{"line":40,"column":17},"end":{"line":40,"column":50}},"16":{"start":{"line":41,"column":4},"end":{"line":41,"column":24}},"17":{"start":{"line":42,"column":27},"end":{"line":42,"column":60}},"18":{"start":{"line":44,"column":20},"end":{"line":44,"column":94}},"19":{"start":{"line":45,"column":4},"end":{"line":45,"column":34}},"20":{"start":{"line":46,"column":4},"end":{"line":46,"column":73}},"21":{"start":{"line":50,"column":4},"end":{"line":52,"column":6}},"22":{"start":{"line":51,"column":6},"end":{"line":51,"column":46}},"23":{"start":{"line":56,"column":4},"end":{"line":56,"column":74}},"24":{"start":{"line":60,"column":17},"end":{"line":60,"column":62}},"25":{"start":{"line":61,"column":4},"end":{"line":61,"column":97}},"26":{"start":{"line":61,"column":15},"end":{"line":61,"column":97}},"27":{"start":{"line":63,"column":22},"end":{"line":63,"column":79}},"28":{"start":{"line":64,"column":4},"end":{"line":65,"column":95}},"29":{"start":{"line":65,"column":6},"end":{"line":65,"column":95}},"30":{"start":{"line":67,"column":26},"end":{"line":68,"column":null}},"31":{"start":{"line":68,"column":33},"end":{"line":68,"column":88}},"32":{"start":{"line":70,"column":4},"end":{"line":70,"column":25}},"33":{"start":{"line":74,"column":25},"end":{"line":74,"column":71}},"34":{"start":{"line":75,"column":4},"end":{"line":76,"column":95}},"35":{"start":{"line":76,"column":6},"end":{"line":76,"column":95}},"36":{"start":{"line":77,"column":4},"end":{"line":77,"column":78}},"37":{"start":{"line":85,"column":25},"end":{"line":85,"column":78}},"38":{"start":{"line":86,"column":4},"end":{"line":87,"column":95}},"39":{"start":{"line":87,"column":6},"end":{"line":87,"column":95}},"40":{"start":{"line":88,"column":20},"end":{"line":88,"column":97}},"41":{"start":{"line":89,"column":4},"end":{"line":93,"column":8}},"42":{"start":{"line":90,"column":6},"end":{"line":93,"column":8}},"43":{"start":{"line":94,"column":4},"end":{"line":97,"column":5}},"44":{"start":{"line":95,"column":19},"end":{"line":95,"column":52}},"45":{"start":{"line":96,"column":6},"end":{"line":96,"column":26}},"46":{"start":{"line":98,"column":27},"end":{"line":98,"column":60}},"47":{"start":{"line":100,"column":16},"end":{"line":100,"column":87}},"48":{"start":{"line":101,"column":4},"end":{"line":101,"column":69}},"49":{"start":{"line":105,"column":20},"end":{"line":105,"column":97}},"50":{"start":{"line":106,"column":4},"end":{"line":110,"column":8}},"51":{"start":{"line":107,"column":6},"end":{"line":110,"column":8}},"52":{"start":{"line":111,"column":4},"end":{"line":111,"column":71}},"53":{"start":{"line":115,"column":0},"end":{"line":115,"column":33}}},"fnMap":{"0":{"name":"(anonymous_0)","decl":{"start":{"line":22,"column":2},"end":{"line":22,"column":14}},"loc":{"start":{"line":22,"column":87},"end":{"line":25,"column":3}}},"1":{"name":"(anonymous_1)","decl":{"start":{"line":27,"column":10},"end":{"line":27,"column":15}},"loc":{"start":{"line":27,"column":54},"end":{"line":37,"column":3}}},"2":{"name":"(anonymous_2)","decl":{"start":{"line":39,"column":2},"end":{"line":39,"column":7}},"loc":{"start":{"line":39,"column":63},"end":{"line":47,"column":3}}},"3":{"name":"(anonymous_3)","decl":{"start":{"line":49,"column":2},"end":{"line":49,"column":7}},"loc":{"start":{"line":49,"column":24},"end":{"line":53,"column":3}}},"4":{"name":"(anonymous_4)","decl":{"start":{"line":50,"column":56},"end":{"line":50,"column":59}},"loc":{"start":{"line":51,"column":6},"end":{"line":51,"column":46}}},"5":{"name":"(anonymous_5)","decl":{"start":{"line":55,"column":2},"end":{"line":55,"column":7}},"loc":{"start":{"line":55,"column":49},"end":{"line":57,"column":3}}},"6":{"name":"(anonymous_6)","decl":{"start":{"line":59,"column":2},"end":{"line":59,"column":7}},"loc":{"start":{"line":59,"column":55},"end":{"line":71,"column":3}}},"7":{"name":"(anonymous_7)","decl":{"start":{"line":68,"column":20},"end":{"line":68,"column":21}},"loc":{"start":{"line":68,"column":33},"end":{"line":68,"column":88}}},"8":{"name":"(anonymous_8)","decl":{"start":{"line":73,"column":2},"end":{"line":73,"column":7}},"loc":{"start":{"line":73,"column":33},"end":{"line":78,"column":3}}},"9":{"name":"(anonymous_9)","decl":{"start":{"line":80,"column":2},"end":{"line":80,"column":7}},"loc":{"start":{"line":83,"column":26},"end":{"line":102,"column":3}}},"10":{"name":"(anonymous_10)","decl":{"start":{"line":104,"column":2},"end":{"line":104,"column":7}},"loc":{"start":{"line":104,"column":61},"end":{"line":112,"column":3}}}},"branchMap":{"0":{"loc":{"start":{"line":29,"column":4},"end":{"line":35,"column":5}},"type":"if","locations":[{"start":{"line":29,"column":4},"end":{"line":35,"column":5}}]},"1":{"loc":{"start":{"line":30,"column":6},"end":{"line":34,"column":7}},"type":"if","locations":[{"start":{"line":30,"column":6},"end":{"line":34,"column":7}},{"start":{"line":32,"column":13},"end":{"line":34,"column":7}}]},"2":{"loc":{"start":{"line":61,"column":4},"end":{"line":61,"column":97}},"type":"if","locations":[{"start":{"line":61,"column":4},"end":{"line":61,"column":97}}]},"3":{"loc":{"start":{"line":64,"column":4},"end":{"line":65,"column":95}},"type":"if","locations":[{"start":{"line":64,"column":4},"end":{"line":65,"column":95}}]},"4":{"loc":{"start":{"line":75,"column":4},"end":{"line":76,"column":95}},"type":"if","locations":[{"start":{"line":75,"column":4},"end":{"line":76,"column":95}}]},"5":{"loc":{"start":{"line":86,"column":4},"end":{"line":87,"column":95}},"type":"if","locations":[{"start":{"line":86,"column":4},"end":{"line":87,"column":95}}]},"6":{"loc":{"start":{"line":89,"column":4},"end":{"line":93,"column":8}},"type":"if","locations":[{"start":{"line":89,"column":4},"end":{"line":93,"column":8}}]},"7":{"loc":{"start":{"line":94,"column":4},"end":{"line":97,"column":5}},"type":"if","locations":[{"start":{"line":94,"column":4},"end":{"line":97,"column":5}}]},"8":{"loc":{"start":{"line":106,"column":4},"end":{"line":110,"column":8}},"type":"if","locations":[{"start":{"line":106,"column":4},"end":{"line":110,"column":8}}]}},"s":{"0":1,"1":1,"2":1,"3":1,"4":1,"5":1,"6":1,"7":1,"8":1,"9":2,"10":2,"11":1,"12":1,"13":0,"14":2,"15":1,"16":1,"17":1,"18":1,"19":1,"20":1,"21":1,"22":1,"23":1,"24":3,"25":3,"26":1,"27":2,"28":2,"29":1,"30":1,"31":1,"32":1,"33":2,"34":2,"35":1,"36":1,"37":3,"38":3,"39":1,"40":2,"41":2,"42":1,"43":1,"44":1,"45":1,"46":1,"47":1,"48":1,"49":2,"50":2,"51":1,"52":1,"53":1},"f":{"0":1,"1":2,"2":1,"3":1,"4":1,"5":1,"6":3,"7":1,"8":2,"9":3,"10":2},"b":{"0":[1],"1":[1,0],"2":[1],"3":[1],"4":[1],"5":[1],"6":[1],"7":[1],"8":[1]}}
,"D:\\Work\\JobApp\\src\\services\\JobAdsService.ts": {"path":"D:\\Work\\JobApp\\src\\services\\JobAdsService.ts","statementMap":{"0":{"start":{"line":2,"column":0},"end":{"line":2,"column":70}},"1":{"start":{"line":3,"column":0},"end":{"line":3,"column":48}},"2":{"start":{"line":6,"column":0},"end":{"line":6,"column":48}},"3":{"start":{"line":7,"column":0},"end":{"line":7,"column":95}},"4":{"start":{"line":19,"column":4},"end":{"line":19,"column":45}},"5":{"start":{"line":20,"column":4},"end":{"line":20,"column":47}},"6":{"start":{"line":21,"column":4},"end":{"line":21,"column":51}},"7":{"start":{"line":25,"column":27},"end":{"line":25,"column":56}},"8":{"start":{"line":27,"column":20},"end":{"line":29,"column":null}},"9":{"start":{"line":31,"column":4},"end":{"line":35,"column":8}},"10":{"start":{"line":32,"column":6},"end":{"line":35,"column":8}},"11":{"start":{"line":37,"column":18},"end":{"line":37,"column":87}},"12":{"start":{"line":39,"column":4},"end":{"line":42,"column":5}},"13":{"start":{"line":40,"column":21},"end":{"line":40,"column":49}},"14":{"start":{"line":41,"column":6},"end":{"line":41,"column":63}},"15":{"start":{"line":44,"column":4},"end":{"line":44,"column":66}},"16":{"start":{"line":48,"column":19},"end":{"line":48,"column":71}},"17":{"start":{"line":49,"column":23},"end":{"line":50,"column":null}},"18":{"start":{"line":50,"column":28},"end":{"line":50,"column":76}},"19":{"start":{"line":52,"column":4},"end":{"line":52,"column":22}},"20":{"start":{"line":56,"column":19},"end":{"line":56,"column":62}},"21":{"start":{"line":57,"column":23},"end":{"line":58,"column":null}},"22":{"start":{"line":58,"column":28},"end":{"line":58,"column":76}},"23":{"start":{"line":60,"column":4},"end":{"line":60,"column":22}},"24":{"start":{"line":64,"column":23},"end":{"line":64,"column":69}},"25":{"start":{"line":65,"column":4},"end":{"line":66,"column":90}},"26":{"start":{"line":66,"column":6},"end":{"line":66,"column":90}},"27":{"start":{"line":67,"column":20},"end":{"line":67,"column":90}},"28":{"start":{"line":68,"column":4},"end":{"line":72,"column":8}},"29":{"start":{"line":69,"column":6},"end":{"line":72,"column":8}},"30":{"start":{"line":74,"column":4},"end":{"line":77,"column":5}},"31":{"start":{"line":75,"column":21},"end":{"line":75,"column":49}},"32":{"start":{"line":76,"column":6},"end":{"line":76,"column":72}},"33":{"start":{"line":78,"column":27},"end":{"line":78,"column":56}},"34":{"start":{"line":79,"column":25},"end":{"line":79,"column":89}},"35":{"start":{"line":81,"column":4},"end":{"line":81,"column":24}},"36":{"start":{"line":85,"column":20},"end":{"line":85,"column":90}},"37":{"start":{"line":86,"column":4},"end":{"line":90,"column":8}},"38":{"start":{"line":87,"column":6},"end":{"line":90,"column":8}},"39":{"start":{"line":92,"column":4},"end":{"line":92,"column":64}},"40":{"start":{"line":96,"column":4},"end":{"line":96,"column":63}},"41":{"start":{"line":100,"column":0},"end":{"line":100,"column":30}}},"fnMap":{"0":{"name":"(anonymous_0)","decl":{"start":{"line":14,"column":2},"end":{"line":14,"column":null}},"loc":{"start":{"line":17,"column":45},"end":{"line":22,"column":3}}},"1":{"name":"(anonymous_1)","decl":{"start":{"line":24,"column":2},"end":{"line":24,"column":7}},"loc":{"start":{"line":24,"column":62},"end":{"line":45,"column":3}}},"2":{"name":"(anonymous_2)","decl":{"start":{"line":47,"column":2},"end":{"line":47,"column":7}},"loc":{"start":{"line":47,"column":42},"end":{"line":53,"column":3}}},"3":{"name":"(anonymous_3)","decl":{"start":{"line":50,"column":17},"end":{"line":50,"column":18}},"loc":{"start":{"line":50,"column":28},"end":{"line":50,"column":76}}},"4":{"name":"(anonymous_4)","decl":{"start":{"line":55,"column":2},"end":{"line":55,"column":7}},"loc":{"start":{"line":55,"column":17},"end":{"line":61,"column":3}}},"5":{"name":"(anonymous_5)","decl":{"start":{"line":58,"column":17},"end":{"line":58,"column":18}},"loc":{"start":{"line":58,"column":28},"end":{"line":58,"column":76}}},"6":{"name":"(anonymous_6)","decl":{"start":{"line":63,"column":2},"end":{"line":63,"column":7}},"loc":{"start":{"line":63,"column":79},"end":{"line":82,"column":3}}},"7":{"name":"(anonymous_7)","decl":{"start":{"line":84,"column":2},"end":{"line":84,"column":7}},"loc":{"start":{"line":84,"column":57},"end":{"line":93,"column":3}}},"8":{"name":"(anonymous_8)","decl":{"start":{"line":95,"column":2},"end":{"line":95,"column":7}},"loc":{"start":{"line":95,"column":20},"end":{"line":97,"column":3}}}},"branchMap":{"0":{"loc":{"start":{"line":31,"column":4},"end":{"line":35,"column":8}},"type":"if","locations":[{"start":{"line":31,"column":4},"end":{"line":35,"column":8}}]},"1":{"loc":{"start":{"line":39,"column":4},"end":{"line":42,"column":5}},"type":"if","locations":[{"start":{"line":39,"column":4},"end":{"line":42,"column":5}}]},"2":{"loc":{"start":{"line":65,"column":4},"end":{"line":66,"column":90}},"type":"if","locations":[{"start":{"line":65,"column":4},"end":{"line":66,"column":90}}]},"3":{"loc":{"start":{"line":68,"column":4},"end":{"line":72,"column":8}},"type":"if","locations":[{"start":{"line":68,"column":4},"end":{"line":72,"column":8}}]},"4":{"loc":{"start":{"line":74,"column":4},"end":{"line":77,"column":5}},"type":"if","locations":[{"start":{"line":74,"column":4},"end":{"line":77,"column":5}}]},"5":{"loc":{"start":{"line":86,"column":4},"end":{"line":90,"column":8}},"type":"if","locations":[{"start":{"line":86,"column":4},"end":{"line":90,"column":8}}]}},"s":{"0":1,"1":1,"2":1,"3":1,"4":10,"5":10,"6":10,"7":2,"8":2,"9":2,"10":1,"11":1,"12":1,"13":1,"14":1,"15":1,"16":1,"17":1,"18":1,"19":1,"20":1,"21":1,"22":2,"23":1,"24":3,"25":3,"26":1,"27":2,"28":2,"29":1,"30":1,"31":1,"32":1,"33":1,"34":1,"35":1,"36":2,"37":2,"38":1,"39":1,"40":1,"41":1},"f":{"0":10,"1":2,"2":1,"3":1,"4":1,"5":2,"6":3,"7":2,"8":1},"b":{"0":[1],"1":[1],"2":[1],"3":[1],"4":[1],"5":[1]}}
,"D:\\Work\\JobApp\\src\\services\\UsersService.ts": {"path":"D:\\Work\\JobApp\\src\\services\\UsersService.ts","statementMap":{"0":{"start":{"line":1,"column":0},"end":{"line":1,"column":70}},"1":{"start":{"line":2,"column":0},"end":{"line":2,"column":48}},"2":{"start":{"line":7,"column":0},"end":{"line":7,"column":71}},"3":{"start":{"line":14,"column":4},"end":{"line":14,"column":43}},"4":{"start":{"line":15,"column":4},"end":{"line":15,"column":41}},"5":{"start":{"line":19,"column":15},"end":{"line":19,"column":60}},"6":{"start":{"line":20,"column":4},"end":{"line":26,"column":5}},"7":{"start":{"line":21,"column":6},"end":{"line":25,"column":7}},"8":{"start":{"line":22,"column":8},"end":{"line":22,"column":84}},"9":{"start":{"line":24,"column":8},"end":{"line":24,"column":90}},"10":{"start":{"line":27,"column":4},"end":{"line":27,"column":16}},"11":{"start":{"line":30,"column":4},"end":{"line":30,"column":44}},"12":{"start":{"line":34,"column":22},"end":{"line":34,"column":61}},"13":{"start":{"line":35,"column":4},"end":{"line":37,"column":5}},"14":{"start":{"line":36,"column":6},"end":{"line":36,"column":89}},"15":{"start":{"line":38,"column":4},"end":{"line":38,"column":21}},"16":{"start":{"line":43,"column":4},"end":{"line":46,"column":5}},"17":{"start":{"line":44,"column":19},"end":{"line":44,"column":52}},"18":{"start":{"line":45,"column":6},"end":{"line":45,"column":26}},"19":{"start":{"line":47,"column":27},"end":{"line":47,"column":57}},"20":{"start":{"line":49,"column":22},"end":{"line":49,"column":71}},"21":{"start":{"line":50,"column":4},"end":{"line":52,"column":5}},"22":{"start":{"line":51,"column":6},"end":{"line":51,"column":89}},"23":{"start":{"line":53,"column":4},"end":{"line":53,"column":73}},"24":{"start":{"line":57,"column":4},"end":{"line":57,"column":61}},"25":{"start":{"line":61,"column":22},"end":{"line":61,"column":65}},"26":{"start":{"line":62,"column":4},"end":{"line":64,"column":5}},"27":{"start":{"line":63,"column":6},"end":{"line":63,"column":89}},"28":{"start":{"line":65,"column":4},"end":{"line":65,"column":55}},"29":{"start":{"line":69,"column":0},"end":{"line":69,"column":29}}},"fnMap":{"0":{"name":"(anonymous_0)","decl":{"start":{"line":13,"column":2},"end":{"line":13,"column":14}},"loc":{"start":{"line":13,"column":79},"end":{"line":16,"column":3}}},"1":{"name":"(anonymous_1)","decl":{"start":{"line":18,"column":10},"end":{"line":18,"column":15}},"loc":{"start":{"line":18,"column":54},"end":{"line":28,"column":3}}},"2":{"name":"(anonymous_2)","decl":{"start":{"line":29,"column":2},"end":{"line":29,"column":7}},"loc":{"start":{"line":29,"column":20},"end":{"line":31,"column":3}}},"3":{"name":"(anonymous_3)","decl":{"start":{"line":33,"column":2},"end":{"line":33,"column":7}},"loc":{"start":{"line":33,"column":30},"end":{"line":39,"column":3}}},"4":{"name":"(anonymous_4)","decl":{"start":{"line":41,"column":2},"end":{"line":41,"column":7}},"loc":{"start":{"line":41,"column":64},"end":{"line":54,"column":3}}},"5":{"name":"(anonymous_5)","decl":{"start":{"line":56,"column":2},"end":{"line":56,"column":7}},"loc":{"start":{"line":56,"column":45},"end":{"line":58,"column":3}}},"6":{"name":"(anonymous_6)","decl":{"start":{"line":60,"column":2},"end":{"line":60,"column":7}},"loc":{"start":{"line":60,"column":42},"end":{"line":66,"column":3}}}},"branchMap":{"0":{"loc":{"start":{"line":20,"column":4},"end":{"line":26,"column":5}},"type":"if","locations":[{"start":{"line":20,"column":4},"end":{"line":26,"column":5}}]},"1":{"loc":{"start":{"line":21,"column":6},"end":{"line":25,"column":7}},"type":"if","locations":[{"start":{"line":21,"column":6},"end":{"line":25,"column":7}},{"start":{"line":23,"column":13},"end":{"line":25,"column":7}}]},"2":{"loc":{"start":{"line":35,"column":4},"end":{"line":37,"column":5}},"type":"if","locations":[{"start":{"line":35,"column":4},"end":{"line":37,"column":5}}]},"3":{"loc":{"start":{"line":43,"column":4},"end":{"line":46,"column":5}},"type":"if","locations":[{"start":{"line":43,"column":4},"end":{"line":46,"column":5}}]},"4":{"loc":{"start":{"line":50,"column":4},"end":{"line":52,"column":5}},"type":"if","locations":[{"start":{"line":50,"column":4},"end":{"line":52,"column":5}}]},"5":{"loc":{"start":{"line":62,"column":4},"end":{"line":64,"column":5}},"type":"if","locations":[{"start":{"line":62,"column":4},"end":{"line":64,"column":5}}]}},"s":{"0":1,"1":1,"2":1,"3":1,"4":1,"5":0,"6":0,"7":0,"8":0,"9":0,"10":0,"11":1,"12":2,"13":2,"14":1,"15":1,"16":2,"17":0,"18":0,"19":2,"20":2,"21":2,"22":1,"23":1,"24":1,"25":2,"26":2,"27":1,"28":1,"29":1},"f":{"0":1,"1":0,"2":1,"3":2,"4":2,"5":1,"6":2},"b":{"0":[0],"1":[0,0],"2":[1],"3":[0],"4":[1],"5":[1]}}
,"D:\\Work\\JobApp\\src\\types\\errorCodes.ts": {"path":"D:\\Work\\JobApp\\src\\types\\errorCodes.ts","statementMap":{"0":{"start":{"line":1,"column":0},"end":{"line":1,"column":null}},"1":{"start":{"line":2,"column":2},"end":{"line":2,"column":null}},"2":{"start":{"line":3,"column":2},"end":{"line":3,"column":null}},"3":{"start":{"line":4,"column":2},"end":{"line":4,"column":null}},"4":{"start":{"line":5,"column":2},"end":{"line":5,"column":null}},"5":{"start":{"line":6,"column":2},"end":{"line":6,"column":null}},"6":{"start":{"line":7,"column":2},"end":{"line":7,"column":null}},"7":{"start":{"line":8,"column":2},"end":{"line":8,"column":null}},"8":{"start":{"line":9,"column":2},"end":{"line":9,"column":null}},"9":{"start":{"line":10,"column":2},"end":{"line":10,"column":null}},"10":{"start":{"line":11,"column":2},"end":{"line":11,"column":null}},"11":{"start":{"line":12,"column":2},"end":{"line":12,"column":null}},"12":{"start":{"line":13,"column":2},"end":{"line":13,"column":null}},"13":{"start":{"line":14,"column":2},"end":{"line":14,"column":null}},"14":{"start":{"line":15,"column":2},"end":{"line":15,"column":null}},"15":{"start":{"line":16,"column":2},"end":{"line":16,"column":null}},"16":{"start":{"line":17,"column":2},"end":{"line":17,"column":null}},"17":{"start":{"line":18,"column":2},"end":{"line":18,"column":null}},"18":{"start":{"line":19,"column":2},"end":{"line":19,"column":null}},"19":{"start":{"line":20,"column":2},"end":{"line":20,"column":null}},"20":{"start":{"line":21,"column":2},"end":{"line":21,"column":null}},"21":{"start":{"line":22,"column":2},"end":{"line":22,"column":null}}},"fnMap":{"0":{"name":"(anonymous_0)","decl":{"start":{"line":1,"column":0},"end":{"line":1,"column":12}},"loc":{"start":{"line":1,"column":21},"end":{"line":23,"column":1}}}},"branchMap":{"0":{"loc":{"start":{"line":1,"column":12},"end":{"line":1,"column":null}},"type":"binary-expr","locations":[{"start":{"line":1,"column":12},"end":{"line":1,"column":21}},{"start":{"line":1,"column":21},"end":{"line":1,"column":null}}]}},"s":{"0":4,"1":4,"2":4,"3":4,"4":4,"5":4,"6":4,"7":4,"8":4,"9":4,"10":4,"11":4,"12":4,"13":4,"14":4,"15":4,"16":4,"17":4,"18":4,"19":4,"20":4,"21":4},"f":{"0":4},"b":{"0":[4,4]}}
,"D:\\Work\\JobApp\\src\\types\\redisKeys.ts": {"path":"D:\\Work\\JobApp\\src\\types\\redisKeys.ts","statementMap":{"0":{"start":{"line":1,"column":13},"end":{"line":9,"column":2}},"1":{"start":{"line":4,"column":38},"end":{"line":4,"column":64}},"2":{"start":{"line":6,"column":35},"end":{"line":6,"column":50}},"3":{"start":{"line":7,"column":33},"end":{"line":7,"column":46}}},"fnMap":{"0":{"name":"(anonymous_0)","decl":{"start":{"line":4,"column":18},"end":{"line":4,"column":19}},"loc":{"start":{"line":4,"column":38},"end":{"line":4,"column":64}}},"1":{"name":"(anonymous_1)","decl":{"start":{"line":6,"column":19},"end":{"line":6,"column":20}},"loc":{"start":{"line":6,"column":35},"end":{"line":6,"column":50}}},"2":{"name":"(anonymous_2)","decl":{"start":{"line":7,"column":17},"end":{"line":7,"column":18}},"loc":{"start":{"line":7,"column":33},"end":{"line":7,"column":46}}}},"branchMap":{},"s":{"0":2,"1":0,"2":0,"3":0},"f":{"0":0,"1":0,"2":0},"b":{}}
,"D:\\Work\\JobApp\\src\\types\\dataTypes\\jobAdData.ts": {"path":"D:\\Work\\JobApp\\src\\types\\dataTypes\\jobAdData.ts","statementMap":{"0":{"start":{"line":75,"column":0},"end":{"line":75,"column":null}},"1":{"start":{"line":76,"column":2},"end":{"line":76,"column":null}},"2":{"start":{"line":77,"column":2},"end":{"line":77,"column":null}},"3":{"start":{"line":78,"column":2},"end":{"line":78,"column":null}},"4":{"start":{"line":81,"column":0},"end":{"line":81,"column":null}},"5":{"start":{"line":82,"column":2},"end":{"line":82,"column":null}},"6":{"start":{"line":83,"column":2},"end":{"line":83,"column":null}},"7":{"start":{"line":84,"column":2},"end":{"line":84,"column":null}}},"fnMap":{"0":{"name":"(anonymous_0)","decl":{"start":{"line":75,"column":0},"end":{"line":75,"column":12}},"loc":{"start":{"line":75,"column":19},"end":{"line":79,"column":1}}},"1":{"name":"(anonymous_1)","decl":{"start":{"line":81,"column":0},"end":{"line":81,"column":12}},"loc":{"start":{"line":81,"column":17},"end":{"line":85,"column":1}}}},"branchMap":{"0":{"loc":{"start":{"line":75,"column":12},"end":{"line":75,"column":null}},"type":"binary-expr","locations":[{"start":{"line":75,"column":12},"end":{"line":75,"column":19}},{"start":{"line":75,"column":19},"end":{"line":75,"column":null}}]},"1":{"loc":{"start":{"line":81,"column":12},"end":{"line":81,"column":null}},"type":"binary-expr","locations":[{"start":{"line":81,"column":12},"end":{"line":81,"column":17}},{"start":{"line":81,"column":17},"end":{"line":81,"column":null}}]}},"s":{"0":1,"1":1,"2":1,"3":1,"4":1,"5":1,"6":1,"7":1},"f":{"0":1,"1":1},"b":{"0":[1,1],"1":[1,1]}}
,"D:\\Work\\JobApp\\src\\types\\dataTypes\\userData.ts": {"path":"D:\\Work\\JobApp\\src\\types\\dataTypes\\userData.ts","statementMap":{"0":{"start":{"line":43,"column":0},"end":{"line":43,"column":null}},"1":{"start":{"line":44,"column":2},"end":{"line":44,"column":null}},"2":{"start":{"line":45,"column":2},"end":{"line":45,"column":null}},"3":{"start":{"line":46,"column":2},"end":{"line":46,"column":null}}},"fnMap":{"0":{"name":"(anonymous_0)","decl":{"start":{"line":43,"column":0},"end":{"line":43,"column":12}},"loc":{"start":{"line":43,"column":16},"end":{"line":47,"column":1}}}},"branchMap":{"0":{"loc":{"start":{"line":43,"column":12},"end":{"line":43,"column":null}},"type":"binary-expr","locations":[{"start":{"line":43,"column":12},"end":{"line":43,"column":16}},{"start":{"line":43,"column":16},"end":{"line":43,"column":null}}]}},"s":{"0":2,"1":2,"2":2,"3":2},"f":{"0":2},"b":{"0":[2,2]}}
,"D:\\Work\\JobApp\\src\\utils\\AuthManager.ts": {"path":"D:\\Work\\JobApp\\src\\utils\\AuthManager.ts","statementMap":{"0":{"start":{"line":1,"column":0},"end":{"line":1,"column":40}},"1":{"start":{"line":2,"column":0},"end":{"line":2,"column":36}},"2":{"start":{"line":3,"column":0},"end":{"line":3,"column":39}},"3":{"start":{"line":9,"column":4},"end":{"line":9,"column":52}},"4":{"start":{"line":12,"column":4},"end":{"line":12,"column":36}},"5":{"start":{"line":16,"column":4},"end":{"line":16,"column":40}},"6":{"start":{"line":20,"column":0},"end":{"line":20,"column":33}}},"fnMap":{"0":{"name":"(anonymous_9)","decl":{"start":{"line":6,"column":2},"end":{"line":6,"column":17}},"loc":{"start":{"line":6,"column":2},"end":{"line":6,"column":18}}},"1":{"name":"(anonymous_10)","decl":{"start":{"line":8,"column":2},"end":{"line":8,"column":7}},"loc":{"start":{"line":8,"column":36},"end":{"line":10,"column":3}}},"2":{"name":"(anonymous_11)","decl":{"start":{"line":11,"column":2},"end":{"line":11,"column":7}},"loc":{"start":{"line":11,"column":37},"end":{"line":13,"column":3}}},"3":{"name":"(anonymous_12)","decl":{"start":{"line":15,"column":2},"end":{"line":15,"column":7}},"loc":{"start":{"line":15,"column":53},"end":{"line":17,"column":3}}}},"branchMap":{},"s":{"0":1,"1":1,"2":1,"3":0,"4":0,"5":0,"6":1},"f":{"0":1,"1":0,"2":0,"3":0},"b":{}}
,"D:\\Work\\JobApp\\src\\utils\\cacheUtils.ts": {"path":"D:\\Work\\JobApp\\src\\utils\\cacheUtils.ts","statementMap":{"0":{"start":{"line":3,"column":0},"end":{"line":3,"column":7}},"1":{"start":{"line":1,"column":0},"end":{"line":1,"column":64}},"2":{"start":{"line":4,"column":17},"end":{"line":4,"column":43}},"3":{"start":{"line":5,"column":2},"end":{"line":5,"column":28}},"4":{"start":{"line":5,"column":14},"end":{"line":5,"column":28}},"5":{"start":{"line":7,"column":20},"end":{"line":7,"column":35}},"6":{"start":{"line":8,"column":2},"end":{"line":8,"column":47}},"7":{"start":{"line":9,"column":2},"end":{"line":9,"column":19}}},"fnMap":{"0":{"name":"getOrSetCache","decl":{"start":{"line":3,"column":22},"end":{"line":3,"column":35}},"loc":{"start":{"line":3,"column":96},"end":{"line":10,"column":1}}}},"branchMap":{"0":{"loc":{"start":{"line":3,"column":79},"end":{"line":3,"column":96}},"type":"default-arg","locations":[{"start":{"line":3,"column":92},"end":{"line":3,"column":96}}]},"1":{"loc":{"start":{"line":5,"column":2},"end":{"line":5,"column":28}},"type":"if","locations":[{"start":{"line":5,"column":2},"end":{"line":5,"column":28}}]}},"s":{"0":1,"1":1,"2":0,"3":0,"4":0,"5":0,"6":0,"7":0},"f":{"0":0},"b":{"0":[0],"1":[0]}}
,"D:\\Work\\JobApp\\src\\utils\\normalizationUtils.ts": {"path":"D:\\Work\\JobApp\\src\\utils\\normalizationUtils.ts","statementMap":{"0":{"start":{"line":10,"column":0},"end":{"line":10,"column":16}},"1":{"start":{"line":22,"column":0},"end":{"line":22,"column":16}},"2":{"start":{"line":30,"column":0},"end":{"line":30,"column":16}},"3":{"start":{"line":36,"column":0},"end":{"line":36,"column":16}},"4":{"start":{"line":47,"column":0},"end":{"line":47,"column":16}},"5":{"start":{"line":57,"column":0},"end":{"line":57,"column":16}},"6":{"start":{"line":68,"column":0},"end":{"line":68,"column":16}},"7":{"start":{"line":11,"column":2},"end":{"line":20,"column":4}},"8":{"start":{"line":23,"column":2},"end":{"line":28,"column":4}},"9":{"start":{"line":31,"column":2},"end":{"line":34,"column":4}},"10":{"start":{"line":37,"column":2},"end":{"line":44,"column":4}},"11":{"start":{"line":48,"column":2},"end":{"line":55,"column":4}},"12":{"start":{"line":58,"column":2},"end":{"line":66,"column":4}},"13":{"start":{"line":69,"column":2},"end":{"line":78,"column":4}}},"fnMap":{"0":{"name":"normalizeSignupInput","decl":{"start":{"line":10,"column":16},"end":{"line":10,"column":36}},"loc":{"start":{"line":10,"column":52},"end":{"line":21,"column":1}}},"1":{"name":"normalizeUserUpdateInput","decl":{"start":{"line":22,"column":16},"end":{"line":22,"column":40}},"loc":{"start":{"line":22,"column":60},"end":{"line":29,"column":1}}},"2":{"name":"normalizeCityInput","decl":{"start":{"line":30,"column":16},"end":{"line":30,"column":34}},"loc":{"start":{"line":30,"column":54},"end":{"line":35,"column":1}}},"3":{"name":"normalizeCreateCompanyInput","decl":{"start":{"line":36,"column":16},"end":{"line":36,"column":43}},"loc":{"start":{"line":36,"column":63},"end":{"line":45,"column":1}}},"4":{"name":"normalizeUpdateCompanyInput","decl":{"start":{"line":47,"column":16},"end":{"line":47,"column":43}},"loc":{"start":{"line":47,"column":66},"end":{"line":56,"column":1}}},"5":{"name":"normalizeCreateJobAdDTO","decl":{"start":{"line":57,"column":16},"end":{"line":57,"column":39}},"loc":{"start":{"line":57,"column":60},"end":{"line":67,"column":1}}},"6":{"name":"normalizeUpdateJobAdDTO","decl":{"start":{"line":68,"column":16},"end":{"line":68,"column":39}},"loc":{"start":{"line":68,"column":60},"end":{"line":79,"column":1}}}},"branchMap":{"0":{"loc":{"start":{"line":19,"column":16},"end":{"line":19,"column":39}},"type":"binary-expr","locations":[{"start":{"line":19,"column":16},"end":{"line":19,"column":31}},{"start":{"line":19,"column":35},"end":{"line":19,"column":39}}]},"1":{"loc":{"start":{"line":26,"column":13},"end":{"line":26,"column":66}},"type":"cond-expr","locations":[{"start":{"line":26,"column":45},"end":{"line":26,"column":54}},{"start":{"line":26,"column":57},"end":{"line":26,"column":66}}]},"2":{"loc":{"start":{"line":27,"column":16},"end":{"line":27,"column":44}},"type":"binary-expr","locations":[{"start":{"line":27,"column":16},"end":{"line":27,"column":31}},{"start":{"line":27,"column":35},"end":{"line":27,"column":44}}]},"3":{"loc":{"start":{"line":33,"column":13},"end":{"line":33,"column":55}},"type":"binary-expr","locations":[{"start":{"line":33,"column":13},"end":{"line":33,"column":47}},{"start":{"line":33,"column":51},"end":{"line":33,"column":55}}]},"4":{"loc":{"start":{"line":39,"column":17},"end":{"line":39,"column":63}},"type":"binary-expr","locations":[{"start":{"line":39,"column":17},"end":{"line":39,"column":55}},{"start":{"line":39,"column":59},"end":{"line":39,"column":63}}]},"5":{"loc":{"start":{"line":40,"column":13},"end":{"line":40,"column":55}},"type":"binary-expr","locations":[{"start":{"line":40,"column":13},"end":{"line":40,"column":47}},{"start":{"line":40,"column":51},"end":{"line":40,"column":55}}]},"6":{"loc":{"start":{"line":41,"column":11},"end":{"line":41,"column":51}},"type":"binary-expr","locations":[{"start":{"line":41,"column":11},"end":{"line":41,"column":43}},{"start":{"line":41,"column":47},"end":{"line":41,"column":51}}]},"7":{"loc":{"start":{"line":42,"column":13},"end":{"line":42,"column":55}},"type":"binary-expr","locations":[{"start":{"line":42,"column":13},"end":{"line":42,"column":47}},{"start":{"line":42,"column":51},"end":{"line":42,"column":55}}]},"8":{"loc":{"start":{"line":54,"column":13},"end":{"line":54,"column":66}},"type":"cond-expr","locations":[{"start":{"line":54,"column":45},"end":{"line":54,"column":54}},{"start":{"line":54,"column":57},"end":{"line":54,"column":66}}]},"9":{"loc":{"start":{"line":61,"column":16},"end":{"line":61,"column":39}},"type":"binary-expr","locations":[{"start":{"line":61,"column":16},"end":{"line":61,"column":31}},{"start":{"line":61,"column":35},"end":{"line":61,"column":39}}]},"10":{"loc":{"start":{"line":62,"column":16},"end":{"line":62,"column":39}},"type":"binary-expr","locations":[{"start":{"line":62,"column":16},"end":{"line":62,"column":31}},{"start":{"line":62,"column":35},"end":{"line":62,"column":39}}]},"11":{"loc":{"start":{"line":72,"column":16},"end":{"line":72,"column":44}},"type":"binary-expr","locations":[{"start":{"line":72,"column":16},"end":{"line":72,"column":31}},{"start":{"line":72,"column":35},"end":{"line":72,"column":44}}]},"12":{"loc":{"start":{"line":73,"column":16},"end":{"line":73,"column":44}},"type":"binary-expr","locations":[{"start":{"line":73,"column":16},"end":{"line":73,"column":31}},{"start":{"line":73,"column":35},"end":{"line":73,"column":44}}]},"13":{"loc":{"start":{"line":77,"column":16},"end":{"line":77,"column":44}},"type":"binary-expr","locations":[{"start":{"line":77,"column":16},"end":{"line":77,"column":31}},{"start":{"line":77,"column":35},"end":{"line":77,"column":44}}]}},"s":{"0":3,"1":3,"2":3,"3":3,"4":3,"5":3,"6":3,"7":0,"8":2,"9":0,"10":0,"11":0,"12":0,"13":0},"f":{"0":0,"1":2,"2":0,"3":0,"4":0,"5":0,"6":0},"b":{"0":[0,0],"1":[0,2],"2":[2,2],"3":[0,0],"4":[0,0],"5":[0,0],"6":[0,0],"7":[0,0],"8":[0,0],"9":[0,0],"10":[0,0],"11":[0,0],"12":[0,0],"13":[0,0]}}
}
