TN:
SF:src\secrets.ts
FNF:0
FNH:0
DA:1,1
DA:2,1
LF:2
LH:2
BRF:0
BRH:0
end_of_record
TN:
SF:src\cache\cacheUtils.ts
FN:3,getOrSetCache
FNF:1
FNH:0
FNDA:0,getOrSetCache
DA:1,1
DA:3,1
DA:8,0
DA:9,0
DA:11,0
DA:12,0
DA:13,0
LF:7
LH:2
BRDA:6,0,0,0
BRDA:9,1,0,0
BRF:2
BRH:0
end_of_record
TN:
SF:src\cache\companiesCache.ts
FN:5,getAllCompaniesCache
FN:9,setAllCompaniesCache
FN:13,invalidateAllCompaniesCache
FNF:3
FNH:0
FNDA:0,getAllCompaniesCache
FNDA:0,setAllCompaniesCache
FNDA:0,invalidateAllCompaniesCache
DA:1,1
DA:2,1
DA:5,1
DA:6,0
DA:9,1
DA:10,0
DA:13,1
DA:14,0
LF:8
LH:5
BRF:0
BRH:0
end_of_record
TN:
SF:src\cache\redisHelper.ts
FN:3,getFromCache
FN:8,setToCache
FN:12,deleteFromCache
FNF:3
FNH:0
FNDA:0,getFromCache
FNDA:0,setToCache
FNDA:0,deleteFromCache
DA:1,2
DA:3,2
DA:4,0
DA:5,0
DA:8,2
DA:9,0
DA:12,2
DA:13,0
LF:8
LH:4
BRDA:5,0,0,0
BRDA:5,0,1,0
BRDA:8,1,0,0
BRF:3
BRH:0
end_of_record
TN:
SF:src\db\redis.ts
FN:8,(anonymous_0)
FNF:1
FNH:0
FNDA:0,(anonymous_0)
DA:2,2
DA:4,2
DA:8,2
DA:10,2
LF:4
LH:4
BRF:0
BRH:0
end_of_record
TN:
SF:src\exceptions\bad-request-exception.ts
FN:5,(anonymous_0)
FNF:1
FNH:1
FNDA:1,(anonymous_0)
DA:1,1
DA:2,1
DA:4,1
DA:10,1
LF:4
LH:4
BRDA:7,0,0,0
BRF:1
BRH:0
end_of_record
TN:
SF:src\exceptions\conflict-exception.ts
FN:5,(anonymous_0)
FNF:1
FNH:1
FNDA:1,(anonymous_0)
DA:1,2
DA:2,2
DA:4,2
DA:10,1
LF:4
LH:4
BRDA:6,0,0,0
BRDA:7,1,0,0
BRF:2
BRH:0
end_of_record
TN:
SF:src\exceptions\internal-exception.ts
FN:5,(anonymous_0)
FNF:1
FNH:1
FNDA:1,(anonymous_0)
DA:1,1
DA:2,1
DA:4,1
DA:6,1
LF:4
LH:4
BRDA:5,0,0,0
BRF:1
BRH:0
end_of_record
TN:
SF:src\exceptions\not-found-exception.ts
FN:5,(anonymous_0)
FNF:1
FNH:1
FNDA:15,(anonymous_0)
DA:1,4
DA:2,4
DA:4,4
DA:6,15
LF:4
LH:4
BRDA:5,0,0,0
BRF:1
BRH:0
end_of_record
TN:
SF:src\exceptions\root.ts
FN:9,(anonymous_0)
FNF:1
FNH:1
FNDA:19,(anonymous_0)
DA:3,4
DA:10,19
DA:11,19
DA:12,19
DA:13,19
DA:14,19
LF:6
LH:6
BRF:0
BRH:0
end_of_record
TN:
SF:src\exceptions\unauthorized-exception.ts
FN:5,(anonymous_0)
FNF:1
FNH:1
FNDA:1,(anonymous_0)
DA:1,1
DA:2,1
DA:4,1
DA:10,1
LF:4
LH:4
BRDA:7,0,0,0
BRF:1
BRH:0
end_of_record
TN:
SF:src\services\AuthService.ts
FN:17,(anonymous_1)
FN:22,(anonymous_2)
FN:33,(anonymous_3)
FN:57,(anonymous_4)
FNF:4
FNH:4
FNDA:1,(anonymous_1)
FNDA:3,(anonymous_2)
FNDA:4,(anonymous_3)
FNDA:3,(anonymous_4)
DA:3,1
DA:4,1
DA:5,1
DA:6,1
DA:7,1
DA:9,1
DA:10,1
DA:18,1
DA:19,1
DA:23,3
DA:24,3
DA:25,3
DA:26,2
DA:28,1
DA:31,2
DA:34,4
DA:35,4
DA:36,4
DA:37,1
DA:39,3
DA:40,2
DA:42,2
DA:44,2
DA:46,2
DA:47,2
DA:49,2
DA:50,2
DA:51,1
DA:53,1
DA:58,3
DA:60,3
DA:61,1
DA:64,2
DA:69,2
DA:70,1
DA:76,1
DA:78,1
DA:82,1
LF:38
LH:38
BRDA:24,0,0,3
BRDA:25,1,0,2
BRDA:25,1,1,1
BRDA:36,2,0,1
BRDA:60,3,0,1
BRDA:69,4,0,1
BRF:6
BRH:6
end_of_record
TN:
SF:src\services\CompaniesService.ts
FN:28,(anonymous_0)
FN:33,(anonymous_1)
FN:45,(anonymous_2)
FN:62,(anonymous_3)
FN:63,(anonymous_4)
FN:68,(anonymous_5)
FN:72,(anonymous_6)
FN:81,(anonymous_7)
FN:86,(anonymous_8)
FN:93,(anonymous_9)
FN:117,(anonymous_10)
FNF:11
FNH:11
FNDA:1,(anonymous_0)
FNDA:2,(anonymous_1)
FNDA:1,(anonymous_2)
FNDA:1,(anonymous_3)
FNDA:1,(anonymous_4)
FNDA:1,(anonymous_5)
FNDA:3,(anonymous_6)
FNDA:1,(anonymous_7)
FNDA:2,(anonymous_8)
FNDA:3,(anonymous_9)
FNDA:2,(anonymous_10)
DA:3,1
DA:4,1
DA:5,1
DA:7,1
DA:9,1
DA:13,1
DA:20,1
DA:22,1
DA:29,1
DA:30,1
DA:34,2
DA:35,2
DA:36,1
DA:37,1
DA:39,0
DA:42,2
DA:46,1
DA:47,1
DA:48,1
DA:49,1
DA:50,1
DA:51,0
DA:57,1
DA:58,1
DA:59,1
DA:63,1
DA:64,1
DA:69,1
DA:73,3
DA:74,3
DA:76,2
DA:77,2
DA:78,1
DA:80,1
DA:81,1
DA:83,1
DA:87,2
DA:88,2
DA:89,1
DA:90,1
DA:98,3
DA:99,3
DA:100,1
DA:101,2
DA:102,2
DA:103,1
DA:107,1
DA:108,1
DA:109,1
DA:111,1
DA:113,1
DA:114,1
DA:118,2
DA:119,2
DA:120,1
DA:124,1
DA:128,1
LF:57
LH:55
BRDA:35,0,0,1
BRDA:36,1,0,1
BRDA:36,1,1,0
BRDA:50,2,0,0
BRDA:74,3,0,1
BRDA:77,4,0,1
BRDA:88,5,0,1
BRDA:99,6,0,1
BRDA:102,7,0,1
BRDA:107,8,0,1
BRDA:119,9,0,1
BRF:11
BRH:9
end_of_record
TN:
SF:src\services\JobAdsService.ts
FN:15,(anonymous_0)
FN:25,(anonymous_1)
FN:48,(anonymous_2)
FN:51,(anonymous_3)
FN:56,(anonymous_4)
FN:59,(anonymous_5)
FN:63,(anonymous_6)
FN:68,(anonymous_7)
FN:89,(anonymous_8)
FN:100,(anonymous_9)
FNF:10
FNH:9
FNDA:10,(anonymous_0)
FNDA:2,(anonymous_1)
FNDA:1,(anonymous_2)
FNDA:1,(anonymous_3)
FNDA:1,(anonymous_4)
FNDA:2,(anonymous_5)
FNDA:0,(anonymous_6)
FNDA:3,(anonymous_7)
FNDA:2,(anonymous_8)
FNDA:1,(anonymous_9)
DA:2,1
DA:3,1
DA:6,1
DA:7,1
DA:8,1
DA:20,10
DA:21,10
DA:22,10
DA:26,2
DA:28,2
DA:32,2
DA:33,1
DA:38,1
DA:40,1
DA:41,1
DA:42,1
DA:45,1
DA:49,1
DA:50,1
DA:51,1
DA:53,1
DA:57,1
DA:58,1
DA:59,2
DA:61,1
DA:64,0
DA:65,0
DA:69,3
DA:70,3
DA:71,1
DA:72,2
DA:73,2
DA:74,1
DA:79,1
DA:80,1
DA:81,1
DA:83,1
DA:84,1
DA:86,1
DA:90,2
DA:91,2
DA:92,1
DA:97,1
DA:101,1
DA:105,1
LF:45
LH:43
BRDA:32,0,0,1
BRDA:40,1,0,1
BRDA:70,2,0,1
BRDA:73,3,0,1
BRDA:79,4,0,1
BRDA:91,5,0,1
BRF:6
BRH:6
end_of_record
TN:
SF:src\services\UsersService.ts
FN:13,(anonymous_0)
FN:18,(anonymous_1)
FN:29,(anonymous_2)
FN:33,(anonymous_3)
FN:41,(anonymous_4)
FN:55,(anonymous_5)
FN:59,(anonymous_6)
FNF:7
FNH:7
FNDA:1,(anonymous_0)
FNDA:3,(anonymous_1)
FNDA:1,(anonymous_2)
FNDA:2,(anonymous_3)
FNDA:5,(anonymous_4)
FNDA:1,(anonymous_5)
FNDA:2,(anonymous_6)
DA:1,1
DA:2,1
DA:7,1
DA:14,1
DA:15,1
DA:19,3
DA:20,3
DA:21,2
DA:22,1
DA:24,1
DA:27,2
DA:30,1
DA:34,2
DA:35,2
DA:36,1
DA:38,1
DA:42,5
DA:43,3
DA:44,2
DA:46,4
DA:48,4
DA:49,4
DA:50,1
DA:52,3
DA:56,1
DA:60,2
DA:61,2
DA:62,1
DA:64,1
DA:68,1
LF:30
LH:30
BRDA:20,0,0,2
BRDA:21,1,0,1
BRDA:21,1,1,1
BRDA:35,2,0,1
BRDA:42,3,0,3
BRDA:49,4,0,1
BRDA:61,5,0,1
BRF:7
BRH:7
end_of_record
TN:
SF:src\types\errorCodes.ts
FN:1,(anonymous_0)
FNF:1
FNH:1
FNDA:4,(anonymous_0)
DA:1,4
DA:2,4
DA:3,4
DA:4,4
DA:5,4
DA:6,4
DA:7,4
DA:8,4
DA:9,4
DA:10,4
DA:11,4
DA:12,4
DA:13,4
DA:14,4
DA:15,4
DA:16,4
DA:17,4
DA:18,4
DA:19,4
DA:20,4
DA:21,4
DA:22,4
DA:23,4
LF:23
LH:23
BRDA:1,0,0,4
BRDA:1,0,1,4
BRF:2
BRH:2
end_of_record
TN:
SF:src\types\redisKeys.ts
FN:4,(anonymous_0)
FN:6,(anonymous_1)
FN:7,(anonymous_2)
FNF:3
FNH:0
FNDA:0,(anonymous_0)
FNDA:0,(anonymous_1)
FNDA:0,(anonymous_2)
DA:1,2
DA:4,0
DA:6,0
DA:7,0
LF:4
LH:1
BRF:0
BRH:0
end_of_record
TN:
SF:src\types\dataTypes\jobAdData.ts
FN:75,(anonymous_0)
FN:81,(anonymous_1)
FNF:2
FNH:2
FNDA:1,(anonymous_0)
FNDA:1,(anonymous_1)
DA:75,1
DA:76,1
DA:77,1
DA:78,1
DA:81,1
DA:82,1
DA:83,1
DA:84,1
LF:8
LH:8
BRDA:75,0,0,1
BRDA:75,0,1,1
BRDA:81,1,0,1
BRDA:81,1,1,1
BRF:4
BRH:4
end_of_record
TN:
SF:src\types\dataTypes\userData.ts
FN:43,(anonymous_0)
FNF:1
FNH:1
FNDA:2,(anonymous_0)
DA:43,2
DA:44,2
DA:45,2
DA:46,2
LF:4
LH:4
BRDA:43,0,0,2
BRDA:43,0,1,2
BRF:2
BRH:2
end_of_record
TN:
SF:src\utils\AuthManager.ts
FN:6,(anonymous_9)
FN:8,(anonymous_10)
FN:11,(anonymous_11)
FN:15,(anonymous_12)
FNF:4
FNH:1
FNDA:1,(anonymous_9)
FNDA:0,(anonymous_10)
FNDA:0,(anonymous_11)
FNDA:0,(anonymous_12)
DA:1,1
DA:2,1
DA:3,1
DA:9,0
DA:12,0
DA:16,0
DA:20,1
LF:7
LH:4
BRF:0
BRH:0
end_of_record
TN:
SF:src\utils\normalizationUtils.ts
FN:12,normalizeSignupInput
FN:24,normalizeUserUpdateInput
FN:34,normalizeCityInput
FN:42,normalizeCreateCompanyInput
FN:53,normalizeUpdateCompanyInput
FN:65,normalizeCreateJobAdDTO
FN:76,normalizeUpdateJobAdDTO
FN:90,normalizeSearchJobAdsDTO
FN:107,normalizeCreateResumeDTO
FN:114,normalizeUpdateResumeDTO
FNF:10
FNH:0
FNDA:0,normalizeSignupInput
FNDA:0,normalizeUserUpdateInput
FNDA:0,normalizeCityInput
FNDA:0,normalizeCreateCompanyInput
FNDA:0,normalizeUpdateCompanyInput
FNDA:0,normalizeCreateJobAdDTO
FNDA:0,normalizeUpdateJobAdDTO
FNDA:0,normalizeSearchJobAdsDTO
FNDA:0,normalizeCreateResumeDTO
FNDA:0,normalizeUpdateResumeDTO
DA:12,2
DA:13,0
DA:24,2
DA:25,0
DA:34,2
DA:35,0
DA:42,2
DA:43,0
DA:53,2
DA:54,0
DA:65,2
DA:66,0
DA:76,2
DA:77,0
DA:90,2
DA:91,0
DA:92,0
DA:93,0
DA:94,0
DA:98,0
DA:107,2
DA:108,0
DA:114,2
DA:115,0
LF:24
LH:10
BRDA:21,0,0,0
BRDA:21,0,1,0
BRDA:28,1,0,0
BRDA:28,1,1,0
BRDA:29,2,0,0
BRDA:29,2,1,0
BRDA:37,3,0,0
BRDA:37,3,1,0
BRDA:45,4,0,0
BRDA:45,4,1,0
BRDA:46,5,0,0
BRDA:46,5,1,0
BRDA:47,6,0,0
BRDA:47,6,1,0
BRDA:48,7,0,0
BRDA:48,7,1,0
BRDA:60,8,0,0
BRDA:60,8,1,0
BRDA:69,9,0,0
BRDA:69,9,1,0
BRDA:70,10,0,0
BRDA:70,10,1,0
BRDA:80,11,0,0
BRDA:80,11,1,0
BRDA:81,12,0,0
BRDA:81,12,1,0
BRDA:85,13,0,0
BRDA:85,13,1,0
BRDA:92,14,0,0
BRDA:111,15,0,0
BRDA:111,15,1,0
BRF:31
BRH:0
end_of_record
TN:
SF:src\utils\rowMapper.ts
FN:5,mapCompanyRow
FN:26,mapFullJobAdRow
FN:52,mapJobAdApplications
FN:55,(anonymous_3)
FN:81,mapUserApplications
FN:82,(anonymous_5)
FNF:6
FNH:0
FNDA:0,mapCompanyRow
FNDA:0,mapFullJobAdRow
FNDA:0,mapJobAdApplications
FNDA:0,(anonymous_3)
FNDA:0,mapUserApplications
FNDA:0,(anonymous_5)
DA:5,1
DA:6,0
DA:26,1
DA:27,0
DA:52,1
DA:53,0
DA:55,0
DA:68,0
DA:81,1
DA:82,0
LF:10
LH:4
BRDA:49,0,0,0
BRDA:49,0,1,0
BRDA:53,1,0,0
BRF:3
BRH:0
end_of_record
