TN:
SF:src\secrets.ts
FNF:0
FNH:0
DA:1,1
DA:2,1
LF:2
LH:2
BRF:0
BRH:0
end_of_record
TN:
SF:src\cache\companiesCache.ts
FN:5,getAllCompaniesCache
FN:9,setAllCompaniesCache
FN:13,invalidateAllCompaniesCache
FNF:3
FNH:0
FNDA:0,getAllCompaniesCache
FNDA:0,setAllCompaniesCache
FNDA:0,invalidateAllCompaniesCache
DA:1,1
DA:2,1
DA:5,1
DA:6,0
DA:9,1
DA:10,0
DA:13,1
DA:14,0
LF:8
LH:5
BRF:0
BRH:0
end_of_record
TN:
SF:src\cache\redisHelper.ts
FN:3,getFromCache
FN:8,setToCache
FN:12,deleteFromCache
FNF:3
FNH:0
FNDA:0,getFromCache
FNDA:0,setToCache
FNDA:0,deleteFromCache
DA:1,2
DA:3,2
DA:4,0
DA:5,0
DA:8,2
DA:9,0
DA:12,2
DA:13,0
LF:8
LH:4
BRDA:5,0,0,0
BRDA:5,0,1,0
BRDA:8,1,0,0
BRF:3
BRH:0
end_of_record
TN:
SF:src\db\redis.ts
FN:8,(anonymous_0)
FNF:1
FNH:0
FNDA:0,(anonymous_0)
DA:2,2
DA:4,2
DA:8,2
DA:10,2
LF:4
LH:4
BRF:0
BRH:0
end_of_record
TN:
SF:src\exceptions\bad-request-exception.ts
FN:5,(anonymous_0)
FNF:1
FNH:1
FNDA:1,(anonymous_0)
DA:1,1
DA:2,1
DA:4,1
DA:10,1
LF:4
LH:4
BRDA:7,0,0,0
BRF:1
BRH:0
end_of_record
TN:
SF:src\exceptions\conflict-exception.ts
FN:5,(anonymous_0)
FNF:1
FNH:1
FNDA:1,(anonymous_0)
DA:1,1
DA:2,1
DA:4,1
DA:10,1
LF:4
LH:4
BRDA:6,0,0,0
BRDA:7,1,0,0
BRF:2
BRH:0
end_of_record
TN:
SF:src\exceptions\internal-exception.ts
FN:5,(anonymous_0)
FNF:1
FNH:1
FNDA:1,(anonymous_0)
DA:1,1
DA:2,1
DA:4,1
DA:6,1
LF:4
LH:4
BRDA:5,0,0,0
BRF:1
BRH:0
end_of_record
TN:
SF:src\exceptions\not-found-exception.ts
FN:5,(anonymous_0)
FNF:1
FNH:1
FNDA:14,(anonymous_0)
DA:1,4
DA:2,4
DA:4,4
DA:6,14
LF:4
LH:4
BRDA:5,0,0,0
BRF:1
BRH:0
end_of_record
TN:
SF:src\exceptions\root.ts
FN:9,(anonymous_0)
FNF:1
FNH:1
FNDA:18,(anonymous_0)
DA:3,4
DA:10,18
DA:11,18
DA:12,18
DA:13,18
DA:14,18
LF:6
LH:6
BRF:0
BRH:0
end_of_record
TN:
SF:src\exceptions\unauthorized-exception.ts
FN:5,(anonymous_0)
FNF:1
FNH:1
FNDA:1,(anonymous_0)
DA:1,1
DA:2,1
DA:4,1
DA:10,1
LF:4
LH:4
BRDA:7,0,0,0
BRF:1
BRH:0
end_of_record
TN:
SF:src\services\AuthService.ts
FN:17,(anonymous_1)
FN:22,(anonymous_2)
FN:33,(anonymous_3)
FN:57,(anonymous_4)
FNF:4
FNH:4
FNDA:1,(anonymous_1)
FNDA:3,(anonymous_2)
FNDA:4,(anonymous_3)
FNDA:3,(anonymous_4)
DA:3,1
DA:4,1
DA:5,1
DA:6,1
DA:7,1
DA:9,1
DA:10,1
DA:18,1
DA:19,1
DA:23,3
DA:24,3
DA:25,3
DA:26,2
DA:28,1
DA:31,2
DA:34,4
DA:35,4
DA:36,4
DA:37,1
DA:39,3
DA:40,2
DA:42,2
DA:44,2
DA:46,2
DA:47,2
DA:49,2
DA:50,2
DA:51,1
DA:53,1
DA:58,3
DA:60,3
DA:61,1
DA:64,2
DA:69,2
DA:70,1
DA:76,1
DA:78,1
DA:82,1
LF:38
LH:38
BRDA:24,0,0,3
BRDA:25,1,0,2
BRDA:25,1,1,1
BRDA:36,2,0,1
BRDA:60,3,0,1
BRDA:69,4,0,1
BRF:6
BRH:6
end_of_record
TN:
SF:src\services\CompaniesService.ts
FN:22,(anonymous_0)
FN:27,(anonymous_1)
FN:39,(anonymous_2)
FN:49,(anonymous_3)
FN:50,(anonymous_4)
FN:55,(anonymous_5)
FN:59,(anonymous_6)
FN:68,(anonymous_7)
FN:73,(anonymous_8)
FN:80,(anonymous_9)
FN:104,(anonymous_10)
FNF:11
FNH:11
FNDA:1,(anonymous_0)
FNDA:2,(anonymous_1)
FNDA:1,(anonymous_2)
FNDA:1,(anonymous_3)
FNDA:1,(anonymous_4)
FNDA:1,(anonymous_5)
FNDA:3,(anonymous_6)
FNDA:1,(anonymous_7)
FNDA:2,(anonymous_8)
FNDA:3,(anonymous_9)
FNDA:2,(anonymous_10)
DA:3,1
DA:4,1
DA:5,1
DA:7,1
DA:9,1
DA:13,1
DA:15,1
DA:23,1
DA:24,1
DA:28,2
DA:29,2
DA:30,1
DA:31,1
DA:33,0
DA:36,2
DA:40,1
DA:41,1
DA:42,1
DA:44,1
DA:45,1
DA:46,1
DA:50,1
DA:51,1
DA:56,1
DA:60,3
DA:61,3
DA:63,2
DA:64,2
DA:65,1
DA:67,1
DA:68,1
DA:70,1
DA:74,2
DA:75,2
DA:76,1
DA:77,1
DA:85,3
DA:86,3
DA:87,1
DA:88,2
DA:89,2
DA:90,1
DA:94,1
DA:95,1
DA:96,1
DA:98,1
DA:100,1
DA:101,1
DA:105,2
DA:106,2
DA:107,1
DA:111,1
DA:115,1
LF:53
LH:52
BRDA:29,0,0,1
BRDA:30,1,0,1
BRDA:30,1,1,0
BRDA:61,2,0,1
BRDA:64,3,0,1
BRDA:75,4,0,1
BRDA:86,5,0,1
BRDA:89,6,0,1
BRDA:94,7,0,1
BRDA:106,8,0,1
BRF:10
BRH:9
end_of_record
TN:
SF:src\services\JobAdsService.ts
FN:14,(anonymous_0)
FN:24,(anonymous_1)
FN:47,(anonymous_2)
FN:50,(anonymous_3)
FN:55,(anonymous_4)
FN:58,(anonymous_5)
FN:63,(anonymous_6)
FN:84,(anonymous_7)
FN:95,(anonymous_8)
FNF:9
FNH:9
FNDA:10,(anonymous_0)
FNDA:2,(anonymous_1)
FNDA:1,(anonymous_2)
FNDA:1,(anonymous_3)
FNDA:1,(anonymous_4)
FNDA:2,(anonymous_5)
FNDA:3,(anonymous_6)
FNDA:2,(anonymous_7)
FNDA:1,(anonymous_8)
DA:2,1
DA:3,1
DA:6,1
DA:7,1
DA:19,10
DA:20,10
DA:21,10
DA:25,2
DA:27,2
DA:31,2
DA:32,1
DA:37,1
DA:39,1
DA:40,1
DA:41,1
DA:44,1
DA:48,1
DA:49,1
DA:50,1
DA:52,1
DA:56,1
DA:57,1
DA:58,2
DA:60,1
DA:64,3
DA:65,3
DA:66,1
DA:67,2
DA:68,2
DA:69,1
DA:74,1
DA:75,1
DA:76,1
DA:78,1
DA:79,1
DA:81,1
DA:85,2
DA:86,2
DA:87,1
DA:92,1
DA:96,1
DA:100,1
LF:42
LH:42
BRDA:31,0,0,1
BRDA:39,1,0,1
BRDA:65,2,0,1
BRDA:68,3,0,1
BRDA:74,4,0,1
BRDA:86,5,0,1
BRF:6
BRH:6
end_of_record
TN:
SF:src\services\UsersService.ts
FN:13,(anonymous_0)
FN:18,(anonymous_1)
FN:29,(anonymous_2)
FN:33,(anonymous_3)
FN:41,(anonymous_4)
FN:56,(anonymous_5)
FN:60,(anonymous_6)
FNF:7
FNH:6
FNDA:1,(anonymous_0)
FNDA:0,(anonymous_1)
FNDA:1,(anonymous_2)
FNDA:2,(anonymous_3)
FNDA:2,(anonymous_4)
FNDA:1,(anonymous_5)
FNDA:2,(anonymous_6)
DA:1,1
DA:2,1
DA:7,1
DA:14,1
DA:15,1
DA:19,0
DA:20,0
DA:21,0
DA:22,0
DA:24,0
DA:27,0
DA:30,1
DA:34,2
DA:35,2
DA:36,1
DA:38,1
DA:43,2
DA:44,0
DA:45,0
DA:47,2
DA:49,2
DA:50,2
DA:51,1
DA:53,1
DA:57,1
DA:61,2
DA:62,2
DA:63,1
DA:65,1
DA:69,1
LF:30
LH:22
BRDA:20,0,0,0
BRDA:21,1,0,0
BRDA:21,1,1,0
BRDA:35,2,0,1
BRDA:43,3,0,0
BRDA:50,4,0,1
BRDA:62,5,0,1
BRF:7
BRH:3
end_of_record
TN:
SF:src\types\errorCodes.ts
FN:1,(anonymous_0)
FNF:1
FNH:1
FNDA:4,(anonymous_0)
DA:1,4
DA:2,4
DA:3,4
DA:4,4
DA:5,4
DA:6,4
DA:7,4
DA:8,4
DA:9,4
DA:10,4
DA:11,4
DA:12,4
DA:13,4
DA:14,4
DA:15,4
DA:16,4
DA:17,4
DA:18,4
DA:19,4
DA:20,4
DA:21,4
DA:22,4
LF:22
LH:22
BRDA:1,0,0,4
BRDA:1,0,1,4
BRF:2
BRH:2
end_of_record
TN:
SF:src\types\redisKeys.ts
FN:4,(anonymous_0)
FN:6,(anonymous_1)
FN:7,(anonymous_2)
FNF:3
FNH:0
FNDA:0,(anonymous_0)
FNDA:0,(anonymous_1)
FNDA:0,(anonymous_2)
DA:1,2
DA:4,0
DA:6,0
DA:7,0
LF:4
LH:1
BRF:0
BRH:0
end_of_record
TN:
SF:src\types\dataTypes\jobAdData.ts
FN:75,(anonymous_0)
FN:81,(anonymous_1)
FNF:2
FNH:2
FNDA:1,(anonymous_0)
FNDA:1,(anonymous_1)
DA:75,1
DA:76,1
DA:77,1
DA:78,1
DA:81,1
DA:82,1
DA:83,1
DA:84,1
LF:8
LH:8
BRDA:75,0,0,1
BRDA:75,0,1,1
BRDA:81,1,0,1
BRDA:81,1,1,1
BRF:4
BRH:4
end_of_record
TN:
SF:src\types\dataTypes\userData.ts
FN:43,(anonymous_0)
FNF:1
FNH:1
FNDA:2,(anonymous_0)
DA:43,2
DA:44,2
DA:45,2
DA:46,2
LF:4
LH:4
BRDA:43,0,0,2
BRDA:43,0,1,2
BRF:2
BRH:2
end_of_record
TN:
SF:src\utils\AuthManager.ts
FN:6,(anonymous_9)
FN:8,(anonymous_10)
FN:11,(anonymous_11)
FN:15,(anonymous_12)
FNF:4
FNH:1
FNDA:1,(anonymous_9)
FNDA:0,(anonymous_10)
FNDA:0,(anonymous_11)
FNDA:0,(anonymous_12)
DA:1,1
DA:2,1
DA:3,1
DA:9,0
DA:12,0
DA:16,0
DA:20,1
LF:7
LH:4
BRF:0
BRH:0
end_of_record
TN:
SF:src\utils\cacheUtils.ts
FN:3,getOrSetCache
FNF:1
FNH:0
FNDA:0,getOrSetCache
DA:1,1
DA:3,1
DA:4,0
DA:5,0
DA:7,0
DA:8,0
DA:9,0
LF:7
LH:2
BRDA:3,0,0,0
BRDA:5,1,0,0
BRF:2
BRH:0
end_of_record
TN:
SF:src\utils\normalizationUtils.ts
FN:10,normalizeSignupInput
FN:22,normalizeUserUpdateInput
FN:30,normalizeCityInput
FN:36,normalizeCreateCompanyInput
FN:47,normalizeUpdateCompanyInput
FN:57,normalizeCreateJobAdDTO
FN:68,normalizeUpdateJobAdDTO
FNF:7
FNH:1
FNDA:0,normalizeSignupInput
FNDA:2,normalizeUserUpdateInput
FNDA:0,normalizeCityInput
FNDA:0,normalizeCreateCompanyInput
FNDA:0,normalizeUpdateCompanyInput
FNDA:0,normalizeCreateJobAdDTO
FNDA:0,normalizeUpdateJobAdDTO
DA:10,3
DA:11,0
DA:22,3
DA:23,2
DA:30,3
DA:31,0
DA:36,3
DA:37,0
DA:47,3
DA:48,0
DA:57,3
DA:58,0
DA:68,3
DA:69,0
LF:14
LH:8
BRDA:19,0,0,0
BRDA:19,0,1,0
BRDA:26,1,0,0
BRDA:26,1,1,2
BRDA:27,2,0,2
BRDA:27,2,1,2
BRDA:33,3,0,0
BRDA:33,3,1,0
BRDA:39,4,0,0
BRDA:39,4,1,0
BRDA:40,5,0,0
BRDA:40,5,1,0
BRDA:41,6,0,0
BRDA:41,6,1,0
BRDA:42,7,0,0
BRDA:42,7,1,0
BRDA:54,8,0,0
BRDA:54,8,1,0
BRDA:61,9,0,0
BRDA:61,9,1,0
BRDA:62,10,0,0
BRDA:62,10,1,0
BRDA:72,11,0,0
BRDA:72,11,1,0
BRDA:73,12,0,0
BRDA:73,12,1,0
BRDA:77,13,0,0
BRDA:77,13,1,0
BRF:28
BRH:3
end_of_record
